2025-11-04 06:23:52 - SMS Check Results:
  Reminders Sent: 0
  Overdue Detected: 0
  Errors: 0
2025-11-04 06:30:50 - SMS Check Results:
  Reminders Sent: 0
  Overdue Detected: 0
  Errors: 0
2025-11-04 06:35:15 - SMS Check Results:
  Reminders Sent: 0
  Overdue Detected: 0
  Errors: 0
2025-11-04 06:50:07 - SMS Reminder Results:
  Reminders Sent: 0
  Errors: 0
2025-11-04 06:50:23 - SMS Reminder Results:
  Reminders Sent: 0
  Errors: 0
2025-11-04 07:14:17 - SMS Reminder Results:
  Reminders Sent: 0
  Errors: 0
=================================================
2025-11-04 15:25:50 - SMS Reminder Check
=================================================
Database: ✓ Database OK
Reminders Sent: 0
Errors: 0

=================================================
2025-11-04 15:42:51 - SMS Reminder Check
=================================================
Database: ✓ Database OK
Reminders Sent: 1
Errors: 0

--- Success ---
  ✓ SMS sent to Michael Jude Garde (639933920678) - 23h left

=================================================
2025-11-04 15:43:43 - SMS Reminder Check
=================================================
Database: ✓ Database OK
Reminders Sent: 0
Errors: 0

=================================================
2025-11-04 15:43:44 - SMS Reminder Check
=================================================
Database: ✓ Database OK
Reminders Sent: 0
Errors: 0

=================================================
2025-11-04 15:45:07 - SMS Reminder Check
=================================================
Database: ✓ Database OK
Reminders Sent: 1
Errors: 0

--- Success ---
  ✓ SMS sent to Jenifer Olano (639770380009) - 23h left

=================================================
2025-11-04 15:45:25 - SMS Reminder Check
=================================================
Database: ✓ Database OK
Reminders Sent: 0
Errors: 0

=================================================
2025-11-05 19:41:38 - SMS Reminder Check
=================================================
Database: ✓ Database OK
Reminders Sent: 0
Errors: 0

=================================================
2025-11-05 19:41:54 - SMS Reminder Check
=================================================
Database: ✓ Database OK
Reminders Sent: 0
Errors: 0

=================================================
2025-11-05 19:41:55 - SMS Reminder Check
=================================================
Database: ✓ Database OK
Reminders Sent: 0
Errors: 0

=================================================
2025-11-05 19:41:56 - SMS Reminder Check
=================================================
Database: ✓ Database OK
Reminders Sent: 0
Errors: 0

=================================================
2025-11-05 19:41:56 - SMS Reminder Check
=================================================
Database: ✓ Database OK
Reminders Sent: 0
Errors: 0

=================================================
2025-11-05 19:41:56 - SMS Reminder Check
=================================================
Database: ✓ Database OK
Reminders Sent: 0
Errors: 0

=================================================
2025-11-05 19:41:56 - SMS Reminder Check
=================================================
Database: ✓ Database OK
Reminders Sent: 0
Errors: 0

=================================================
2025-11-05 19:41:57 - SMS Reminder Check
=================================================
Database: ✓ Database OK
Reminders Sent: 0
Errors: 0

=================================================
2025-11-05 19:41:57 - SMS Reminder Check
=================================================
Database: ✓ Database OK
Reminders Sent: 0
Errors: 0

=================================================
2025-11-05 19:41:57 - SMS Reminder Check
=================================================
Database: ✓ Database OK
Reminders Sent: 0
Errors: 0

=================================================
2025-11-05 19:41:57 - SMS Reminder Check
=================================================
Database: ✓ Database OK
Reminders Sent: 0
Errors: 0

=================================================
2025-11-05 19:41:58 - SMS Reminder Check
=================================================
Database: ✓ Database OK
Reminders Sent: 0
Errors: 0

=================================================
2025-11-05 19:41:58 - SMS Reminder Check
=================================================
Database: ✓ Database OK
Reminders Sent: 0
Errors: 0

=================================================
2025-11-05 19:45:36 - SMS Reminder Check
=================================================
Database: ✓ Database OK
Reminders Sent: 1
Errors: 0

--- Success ---
  ✓ SMS sent to Jose Rizal (639933920678) - 23h left

=================================================
2025-11-05 19:45:57 - SMS Reminder Check
=================================================
Database: ✓ Database OK
Reminders Sent: 0
Errors: 0

=================================================
2025-11-08 16:51:29 - SMS Reminder Check (1 Hour Before)
=================================================
Database: ✓ Database OK
Reminders Sent: 0
Errors: 0

=================================================
2025-11-08 16:52:02 - SMS Reminder Check (1 Hour Before)
=================================================
Database: ✓ Database OK
Reminders Sent: 0
Errors: 0

=================================================
2025-11-08 16:52:07 - SMS Reminder Check (1 Hour Before)
=================================================
Database: ✓ Database OK
Reminders Sent: 0
Errors: 0

=================================================
2025-11-08 16:53:35 - SMS Reminder Check (1 Hour Before)
=================================================
Database: ✓ Database OK
Reminders Sent: 1
Errors: 0

--- Success ---
  ✓ SMS sent to Juan Dele Cruz Potyong (639069191922) - 60 minutes left

=================================================
2025-11-08 16:54:16 - SMS Reminder Check (1 Hour Before)
=================================================
Database: ✓ Database OK
Reminders Sent: 0
Errors: 0

=================================================
2025-11-08 16:54:18 - SMS Reminder Check (1 Hour Before)
=================================================
Database: ✓ Database OK
Reminders Sent: 0
Errors: 0

=================================================
2025-11-08 16:56:22 - SMS Reminder Check (1 Hour Before)
=================================================
Database: ✓ Database OK
Reminders Sent: 0
Errors: 0

=================================================
2025-11-08 16:56:23 - SMS Reminder Check (1 Hour Before)
=================================================
Database: ✓ Database OK
Reminders Sent: 0
Errors: 0

=================================================
2025-11-08 16:56:24 - SMS Reminder Check (1 Hour Before)
=================================================
Database: ✓ Database OK
Reminders Sent: 0
Errors: 0

=================================================
2025-11-08 16:56:24 - SMS Reminder Check (1 Hour Before)
=================================================
Database: ✓ Database OK
Reminders Sent: 0
Errors: 0

=================================================
2025-11-08 16:56:24 - SMS Reminder Check (1 Hour Before)
=================================================
Database: ✓ Database OK
Reminders Sent: 0
Errors: 0

=================================================
2025-11-08 16:56:24 - SMS Reminder Check (1 Hour Before)
=================================================
Database: ✓ Database OK
Reminders Sent: 0
Errors: 0

=================================================
2025-11-08 16:56:24 - SMS Reminder Check (1 Hour Before)
=================================================
Database: ✓ Database OK
Reminders Sent: 0
Errors: 0

=================================================
2025-11-08 16:56:24 - SMS Reminder Check (1 Hour Before)
=================================================
Database: ✓ Database OK
Reminders Sent: 0
Errors: 0

=================================================
2025-11-08 16:56:25 - SMS Reminder Check (1 Hour Before)
=================================================
Database: ✓ Database OK
Reminders Sent: 0
Errors: 0

=================================================
2025-11-08 16:56:25 - SMS Reminder Check (1 Hour Before)
=================================================
Database: ✓ Database OK
Reminders Sent: 0
Errors: 0

=================================================
2025-11-08 16:56:25 - SMS Reminder Check (1 Hour Before)
=================================================
Database: ✓ Database OK
Reminders Sent: 0
Errors: 0

=================================================
2025-11-08 16:56:25 - SMS Reminder Check (1 Hour Before)
=================================================
Database: ✓ Database OK
Reminders Sent: 0
Errors: 0

=================================================
2025-11-08 16:56:25 - SMS Reminder Check (1 Hour Before)
=================================================
Database: ✓ Database OK
Reminders Sent: 0
Errors: 0

=================================================
2025-11-08 16:56:25 - SMS Reminder Check (1 Hour Before)
=================================================
Database: ✓ Database OK
Reminders Sent: 0
Errors: 0

=================================================
2025-11-08 16:56:26 - SMS Reminder Check (1 Hour Before)
=================================================
Database: ✓ Database OK
Reminders Sent: 0
Errors: 0

=================================================
2025-11-08 16:56:26 - SMS Reminder Check (1 Hour Before)
=================================================
Database: ✓ Database OK
Reminders Sent: 0
Errors: 0

=================================================
2025-11-08 16:56:26 - SMS Reminder Check (1 Hour Before)
=================================================
Database: ✓ Database OK
Reminders Sent: 0
Errors: 0

=================================================
2025-11-08 16:56:26 - SMS Reminder Check (1 Hour Before)
=================================================
Database: ✓ Database OK
Reminders Sent: 0
Errors: 0

=================================================
2025-11-08 16:56:26 - SMS Reminder Check (1 Hour Before)
=================================================
Database: ✓ Database OK
Reminders Sent: 0
Errors: 0

=================================================
2025-11-08 16:56:27 - SMS Reminder Check (1 Hour Before)
=================================================
Database: ✓ Database OK
Reminders Sent: 0
Errors: 0

=================================================
2025-11-08 16:56:27 - SMS Reminder Check (1 Hour Before)
=================================================
Database: ✓ Database OK
Reminders Sent: 0
Errors: 0

=================================================
2025-11-08 16:56:27 - SMS Reminder Check (1 Hour Before)
=================================================
Database: ✓ Database OK
Reminders Sent: 0
Errors: 0

=================================================
2025-11-08 16:56:27 - SMS Reminder Check (1 Hour Before)
=================================================
Database: ✓ Database OK
Reminders Sent: 0
Errors: 0

=================================================
2025-11-08 16:56:28 - SMS Reminder Check (1 Hour Before)
=================================================
Database: ✓ Database OK
Reminders Sent: 0
Errors: 0

=================================================
2025-11-08 16:56:28 - SMS Reminder Check (1 Hour Before)
=================================================
Database: ✓ Database OK
Reminders Sent: 0
Errors: 0

=================================================
2025-11-08 17:02:16 - SMS Reminder Check (1 Hour Before)
=================================================
Database: ✓ Database OK
Reminders Sent: 0
Errors: 0

=================================================
2025-11-08 17:02:28 - SMS Reminder Check (1 Hour Before)
=================================================
Database: ✓ Database OK
Reminders Sent: 0
Errors: 0

=================================================
2025-11-08 17:02:29 - SMS Reminder Check (1 Hour Before)
=================================================
Database: ✓ Database OK
Reminders Sent: 0
Errors: 0

=================================================
2025-11-08 17:02:32 - SMS Reminder Check (1 Hour Before)
=================================================
Database: ✓ Database OK
Reminders Sent: 0
Errors: 0

=================================================
2025-11-08 17:02:51 - SMS Reminder Check (1 Hour Before)
=================================================
Database: ✓ Database OK
Reminders Sent: 0
Errors: 0

=================================================
2025-11-08 17:02:53 - SMS Reminder Check (1 Hour Before)
=================================================
Database: ✓ Database OK
Reminders Sent: 0
Errors: 0

=================================================
2025-11-08 17:04:53 - SMS Reminder Check (1 Hour Before)
=================================================
Database: ✓ Database OK
Reminders Sent: 0
Errors: 0

=================================================
2025-11-08 17:06:21 - SMS Reminder Check (1 Hour Before)
=================================================
Database: ✓ Database OK
Reminders Sent: 1
Errors: 0

--- Success ---
  ✓ SMS sent to Mike kel (639933920678) - 59 minutes left

=================================================
2025-11-08 17:07:02 - SMS Reminder Check (1 Hour Before)
=================================================
Database: ✓ Database OK
Reminders Sent: 0
Errors: 0

=================================================
2025-11-08 17:07:03 - SMS Reminder Check (1 Hour Before)
=================================================
Database: ✓ Database OK
Reminders Sent: 0
Errors: 0

=================================================
2025-11-08 17:07:04 - SMS Reminder Check (1 Hour Before)
=================================================
Database: ✓ Database OK
Reminders Sent: 0
Errors: 0

=================================================
2025-11-08 17:07:04 - SMS Reminder Check (1 Hour Before)
=================================================
Database: ✓ Database OK
Reminders Sent: 0
Errors: 0

=================================================
2025-11-08 17:07:05 - SMS Reminder Check (1 Hour Before)
=================================================
Database: ✓ Database OK
Reminders Sent: 0
Errors: 0

=================================================
2025-11-08 17:07:05 - SMS Reminder Check (1 Hour Before)
=================================================
Database: ✓ Database OK
Reminders Sent: 0
Errors: 0

=================================================
2025-11-08 17:07:05 - SMS Reminder Check (1 Hour Before)
=================================================
Database: ✓ Database OK
Reminders Sent: 0
Errors: 0

=================================================
2025-11-08 17:07:05 - SMS Reminder Check (1 Hour Before)
=================================================
Database: ✓ Database OK
Reminders Sent: 0
Errors: 0

=================================================
2025-11-08 17:07:05 - SMS Reminder Check (1 Hour Before)
=================================================
Database: ✓ Database OK
Reminders Sent: 0
Errors: 0

=================================================
2025-11-08 17:07:05 - SMS Reminder Check (1 Hour Before)
=================================================
Database: ✓ Database OK
Reminders Sent: 0
Errors: 0

=================================================
2025-11-08 17:07:06 - SMS Reminder Check (1 Hour Before)
=================================================
Database: ✓ Database OK
Reminders Sent: 0
Errors: 0

=================================================
2025-11-08 17:07:38 - SMS Reminder Check (1 Hour Before)
=================================================
Database: ✓ Database OK
Reminders Sent: 0
Errors: 0

=================================================
2025-11-08 17:07:39 - SMS Reminder Check (1 Hour Before)
=================================================
Database: ✓ Database OK
Reminders Sent: 0
Errors: 0

=================================================
2025-11-08 17:07:39 - SMS Reminder Check (1 Hour Before)
=================================================
Database: ✓ Database OK
Reminders Sent: 0
Errors: 0

=================================================
2025-11-08 17:07:39 - SMS Reminder Check (1 Hour Before)
=================================================
Database: ✓ Database OK
Reminders Sent: 0
Errors: 0

=================================================
2025-11-08 17:07:39 - SMS Reminder Check (1 Hour Before)
=================================================
Database: ✓ Database OK
Reminders Sent: 0
Errors: 0

=================================================
2025-11-08 17:07:40 - SMS Reminder Check (1 Hour Before)
=================================================
Database: ✓ Database OK
Reminders Sent: 0
Errors: 0

=================================================
2025-11-08 17:07:40 - SMS Reminder Check (1 Hour Before)
=================================================
Database: ✓ Database OK
Reminders Sent: 0
Errors: 0

=================================================
2025-11-08 17:07:40 - SMS Reminder Check (1 Hour Before)
=================================================
Database: ✓ Database OK
Reminders Sent: 0
Errors: 0

=================================================
2025-11-08 17:07:40 - SMS Reminder Check (1 Hour Before)
=================================================
Database: ✓ Database OK
Reminders Sent: 0
Errors: 0

=================================================
2025-11-08 17:07:40 - SMS Reminder Check (1 Hour Before)
=================================================
Database: ✓ Database OK
Reminders Sent: 0
Errors: 0

=================================================
2025-11-08 17:07:40 - SMS Reminder Check (1 Hour Before)
=================================================
Database: ✓ Database OK
Reminders Sent: 0
Errors: 0

=================================================
2025-11-08 17:07:41 - SMS Reminder Check (1 Hour Before)
=================================================
Database: ✓ Database OK
Reminders Sent: 0
Errors: 0

=================================================
2025-11-08 17:07:42 - SMS Reminder Check (1 Hour Before)
=================================================
Database: ✓ Database OK
Reminders Sent: 0
Errors: 0

=================================================
2025-11-08 17:07:42 - SMS Reminder Check (1 Hour Before)
=================================================
Database: ✓ Database OK
Reminders Sent: 0
Errors: 0

=================================================
2025-11-08 17:07:42 - SMS Reminder Check (1 Hour Before)
=================================================
Database: ✓ Database OK
Reminders Sent: 0
Errors: 0

=================================================
2025-11-08 17:07:42 - SMS Reminder Check (1 Hour Before)
=================================================
Database: ✓ Database OK
Reminders Sent: 0
Errors: 0

=================================================
2025-11-08 17:07:42 - SMS Reminder Check (1 Hour Before)
=================================================
Database: ✓ Database OK
Reminders Sent: 0
Errors: 0

=================================================
2025-11-08 17:07:42 - SMS Reminder Check (1 Hour Before)
=================================================
Database: ✓ Database OK
Reminders Sent: 0
Errors: 0

=================================================
2025-11-08 17:07:43 - SMS Reminder Check (1 Hour Before)
=================================================
Database: ✓ Database OK
Reminders Sent: 0
Errors: 0

=================================================
2025-11-08 17:07:43 - SMS Reminder Check (1 Hour Before)
=================================================
Database: ✓ Database OK
Reminders Sent: 0
Errors: 0

=================================================
2025-11-08 17:07:43 - SMS Reminder Check (1 Hour Before)
=================================================
Database: ✓ Database OK
Reminders Sent: 0
Errors: 0

=================================================
2025-11-08 17:07:43 - SMS Reminder Check (1 Hour Before)
=================================================
Database: ✓ Database OK
Reminders Sent: 0
Errors: 0

=================================================
2025-11-08 17:07:43 - SMS Reminder Check (1 Hour Before)
=================================================
Database: ✓ Database OK
Reminders Sent: 0
Errors: 0

=================================================
2025-11-08 17:07:44 - SMS Reminder Check (1 Hour Before)
=================================================
Database: ✓ Database OK
Reminders Sent: 0
Errors: 0

=================================================
2025-11-08 17:07:44 - SMS Reminder Check (1 Hour Before)
=================================================
Database: ✓ Database OK
Reminders Sent: 0
Errors: 0

=================================================
2025-11-08 17:07:44 - SMS Reminder Check (1 Hour Before)
=================================================
Database: ✓ Database OK
Reminders Sent: 0
Errors: 0

=================================================
2025-11-08 17:07:44 - SMS Reminder Check (1 Hour Before)
=================================================
Database: ✓ Database OK
Reminders Sent: 0
Errors: 0

=================================================
2025-11-08 17:07:44 - SMS Reminder Check (1 Hour Before)
=================================================
Database: ✓ Database OK
Reminders Sent: 0
Errors: 0

=================================================
2025-11-08 17:07:45 - SMS Reminder Check (1 Hour Before)
=================================================
Database: ✓ Database OK
Reminders Sent: 0
Errors: 0

=================================================
2025-11-08 17:07:45 - SMS Reminder Check (1 Hour Before)
=================================================
Database: ✓ Database OK
Reminders Sent: 0
Errors: 0

=================================================
2025-11-08 17:07:45 - SMS Reminder Check (1 Hour Before)
=================================================
Database: ✓ Database OK
Reminders Sent: 0
Errors: 0

=================================================
2025-11-08 17:07:45 - SMS Reminder Check (1 Hour Before)
=================================================
Database: ✓ Database OK
Reminders Sent: 0
Errors: 0

=================================================
2025-11-08 17:07:45 - SMS Reminder Check (1 Hour Before)
=================================================
Database: ✓ Database OK
Reminders Sent: 0
Errors: 0

=================================================
2025-11-08 17:07:45 - SMS Reminder Check (1 Hour Before)
=================================================
Database: ✓ Database OK
Reminders Sent: 0
Errors: 0

=================================================
2025-11-08 17:07:46 - SMS Reminder Check (1 Hour Before)
=================================================
Database: ✓ Database OK
Reminders Sent: 0
Errors: 0

=================================================
2025-11-08 17:07:46 - SMS Reminder Check (1 Hour Before)
=================================================
Database: ✓ Database OK
Reminders Sent: 0
Errors: 0

=================================================
2025-11-08 17:07:46 - SMS Reminder Check (1 Hour Before)
=================================================
Database: ✓ Database OK
Reminders Sent: 0
Errors: 0

=================================================
2025-11-08 17:07:46 - SMS Reminder Check (1 Hour Before)
=================================================
Database: ✓ Database OK
Reminders Sent: 0
Errors: 0

=================================================
2025-11-08 17:07:46 - SMS Reminder Check (1 Hour Before)
=================================================
Database: ✓ Database OK
Reminders Sent: 0
Errors: 0

=================================================
2025-11-08 17:07:47 - SMS Reminder Check (1 Hour Before)
=================================================
Database: ✓ Database OK
Reminders Sent: 0
Errors: 0

=================================================
2025-11-08 17:07:47 - SMS Reminder Check (1 Hour Before)
=================================================
Database: ✓ Database OK
Reminders Sent: 0
Errors: 0

=================================================
2025-11-08 17:07:47 - SMS Reminder Check (1 Hour Before)
=================================================
Database: ✓ Database OK
Reminders Sent: 0
Errors: 0

=================================================
2025-11-08 17:07:47 - SMS Reminder Check (1 Hour Before)
=================================================
Database: ✓ Database OK
Reminders Sent: 0
Errors: 0

=================================================
2025-11-08 17:07:47 - SMS Reminder Check (1 Hour Before)
=================================================
Database: ✓ Database OK
Reminders Sent: 0
Errors: 0

=================================================
2025-11-08 17:07:48 - SMS Reminder Check (1 Hour Before)
=================================================
Database: ✓ Database OK
Reminders Sent: 0
Errors: 0

=================================================
2025-11-08 17:07:48 - SMS Reminder Check (1 Hour Before)
=================================================
Database: ✓ Database OK
Reminders Sent: 0
Errors: 0

=================================================
2025-11-08 17:07:48 - SMS Reminder Check (1 Hour Before)
=================================================
Database: ✓ Database OK
Reminders Sent: 0
Errors: 0

=================================================
2025-11-08 17:07:48 - SMS Reminder Check (1 Hour Before)
=================================================
Database: ✓ Database OK
Reminders Sent: 0
Errors: 0

=================================================
2025-11-08 17:07:49 - SMS Reminder Check (1 Hour Before)
=================================================
Database: ✓ Database OK
Reminders Sent: 0
Errors: 0

=================================================
2025-11-08 17:07:49 - SMS Reminder Check (1 Hour Before)
=================================================
Database: ✓ Database OK
Reminders Sent: 0
Errors: 0

=================================================
2025-11-08 17:07:49 - SMS Reminder Check (1 Hour Before)
=================================================
Database: ✓ Database OK
Reminders Sent: 0
Errors: 0

=================================================
2025-11-08 17:07:49 - SMS Reminder Check (1 Hour Before)
=================================================
Database: ✓ Database OK
Reminders Sent: 0
Errors: 0

=================================================
2025-11-08 17:07:49 - SMS Reminder Check (1 Hour Before)
=================================================
Database: ✓ Database OK
Reminders Sent: 0
Errors: 0

=================================================
2025-11-08 17:07:50 - SMS Reminder Check (1 Hour Before)
=================================================
Database: ✓ Database OK
Reminders Sent: 0
Errors: 0

=================================================
2025-11-08 17:07:50 - SMS Reminder Check (1 Hour Before)
=================================================
Database: ✓ Database OK
Reminders Sent: 0
Errors: 0

=================================================
2025-11-08 17:07:50 - SMS Reminder Check (1 Hour Before)
=================================================
Database: ✓ Database OK
Reminders Sent: 0
Errors: 0

=================================================
2025-11-08 17:07:50 - SMS Reminder Check (1 Hour Before)
=================================================
Database: ✓ Database OK
Reminders Sent: 0
Errors: 0

=================================================
2025-11-08 17:07:50 - SMS Reminder Check (1 Hour Before)
=================================================
Database: ✓ Database OK
Reminders Sent: 0
Errors: 0

=================================================
2025-11-08 17:07:51 - SMS Reminder Check (1 Hour Before)
=================================================
Database: ✓ Database OK
Reminders Sent: 0
Errors: 0

=================================================
2025-11-08 17:07:51 - SMS Reminder Check (1 Hour Before)
=================================================
Database: ✓ Database OK
Reminders Sent: 0
Errors: 0

=================================================
2025-11-08 17:07:51 - SMS Reminder Check (1 Hour Before)
=================================================
Database: ✓ Database OK
Reminders Sent: 0
Errors: 0

=================================================
2025-11-08 17:07:51 - SMS Reminder Check (1 Hour Before)
=================================================
Database: ✓ Database OK
Reminders Sent: 0
Errors: 0

=================================================
2025-11-08 17:07:51 - SMS Reminder Check (1 Hour Before)
=================================================
Database: ✓ Database OK
Reminders Sent: 0
Errors: 0

=================================================
2025-11-08 17:07:52 - SMS Reminder Check (1 Hour Before)
=================================================
Database: ✓ Database OK
Reminders Sent: 0
Errors: 0

=================================================
2025-11-08 17:07:52 - SMS Reminder Check (1 Hour Before)
=================================================
Database: ✓ Database OK
Reminders Sent: 0
Errors: 0

=================================================
2025-11-08 17:07:52 - SMS Reminder Check (1 Hour Before)
=================================================
Database: ✓ Database OK
Reminders Sent: 0
Errors: 0

=================================================
2025-11-08 17:07:52 - SMS Reminder Check (1 Hour Before)
=================================================
Database: ✓ Database OK
Reminders Sent: 0
Errors: 0

=================================================
2025-11-08 17:07:52 - SMS Reminder Check (1 Hour Before)
=================================================
Database: ✓ Database OK
Reminders Sent: 0
Errors: 0

=================================================
2025-11-08 17:07:53 - SMS Reminder Check (1 Hour Before)
=================================================
Database: ✓ Database OK
Reminders Sent: 0
Errors: 0

=================================================
2025-11-08 17:07:53 - SMS Reminder Check (1 Hour Before)
=================================================
Database: ✓ Database OK
Reminders Sent: 0
Errors: 0

=================================================
2025-11-08 17:07:53 - SMS Reminder Check (1 Hour Before)
=================================================
Database: ✓ Database OK
Reminders Sent: 0
Errors: 0

=================================================
2025-11-08 17:07:53 - SMS Reminder Check (1 Hour Before)
=================================================
Database: ✓ Database OK
Reminders Sent: 0
Errors: 0

=================================================
2025-11-08 17:07:53 - SMS Reminder Check (1 Hour Before)
=================================================
Database: ✓ Database OK
Reminders Sent: 0
Errors: 0

=================================================
2025-11-08 17:07:54 - SMS Reminder Check (1 Hour Before)
=================================================
Database: ✓ Database OK
Reminders Sent: 0
Errors: 0

=================================================
2025-11-08 17:07:54 - SMS Reminder Check (1 Hour Before)
=================================================
Database: ✓ Database OK
Reminders Sent: 0
Errors: 0

=================================================
2025-11-08 17:07:54 - SMS Reminder Check (1 Hour Before)
=================================================
Database: ✓ Database OK
Reminders Sent: 0
Errors: 0

=================================================
2025-11-08 17:07:54 - SMS Reminder Check (1 Hour Before)
=================================================
Database: ✓ Database OK
Reminders Sent: 0
Errors: 0

=================================================
2025-11-08 17:07:54 - SMS Reminder Check (1 Hour Before)
=================================================
Database: ✓ Database OK
Reminders Sent: 0
Errors: 0

=================================================
2025-11-08 17:07:55 - SMS Reminder Check (1 Hour Before)
=================================================
Database: ✓ Database OK
Reminders Sent: 0
Errors: 0

=================================================
2025-11-08 17:07:55 - SMS Reminder Check (1 Hour Before)
=================================================
Database: ✓ Database OK
Reminders Sent: 0
Errors: 0

=================================================
2025-11-08 17:07:55 - SMS Reminder Check (1 Hour Before)
=================================================
Database: ✓ Database OK
Reminders Sent: 0
Errors: 0

=================================================
2025-11-08 17:07:55 - SMS Reminder Check (1 Hour Before)
=================================================
Database: ✓ Database OK
Reminders Sent: 0
Errors: 0

=================================================
2025-11-08 17:07:55 - SMS Reminder Check (1 Hour Before)
=================================================
Database: ✓ Database OK
Reminders Sent: 0
Errors: 0

=================================================
2025-11-08 17:07:56 - SMS Reminder Check (1 Hour Before)
=================================================
Database: ✓ Database OK
Reminders Sent: 0
Errors: 0

=================================================
2025-11-08 17:07:56 - SMS Reminder Check (1 Hour Before)
=================================================
Database: ✓ Database OK
Reminders Sent: 0
Errors: 0

=================================================
2025-11-08 17:07:56 - SMS Reminder Check (1 Hour Before)
=================================================
Database: ✓ Database OK
Reminders Sent: 0
Errors: 0

=================================================
2025-11-08 17:07:56 - SMS Reminder Check (1 Hour Before)
=================================================
Database: ✓ Database OK
Reminders Sent: 0
Errors: 0

=================================================
2025-11-08 17:07:56 - SMS Reminder Check (1 Hour Before)
=================================================
Database: ✓ Database OK
Reminders Sent: 0
Errors: 0

=================================================
2025-11-08 17:07:57 - SMS Reminder Check (1 Hour Before)
=================================================
Database: ✓ Database OK
Reminders Sent: 0
Errors: 0

=================================================
2025-11-08 17:07:57 - SMS Reminder Check (1 Hour Before)
=================================================
Database: ✓ Database OK
Reminders Sent: 0
Errors: 0

=================================================
2025-11-08 17:07:57 - SMS Reminder Check (1 Hour Before)
=================================================
Database: ✓ Database OK
Reminders Sent: 0
Errors: 0

=================================================
2025-11-08 17:07:57 - SMS Reminder Check (1 Hour Before)
=================================================
Database: ✓ Database OK
Reminders Sent: 0
Errors: 0

=================================================
2025-11-08 17:07:58 - SMS Reminder Check (1 Hour Before)
=================================================
Database: ✓ Database OK
Reminders Sent: 0
Errors: 0

=================================================
2025-11-08 17:07:58 - SMS Reminder Check (1 Hour Before)
=================================================
Database: ✓ Database OK
Reminders Sent: 0
Errors: 0

=================================================
2025-11-08 17:07:58 - SMS Reminder Check (1 Hour Before)
=================================================
Database: ✓ Database OK
Reminders Sent: 0
Errors: 0

=================================================
2025-11-08 17:07:58 - SMS Reminder Check (1 Hour Before)
=================================================
Database: ✓ Database OK
Reminders Sent: 0
Errors: 0

=================================================
2025-11-08 17:07:58 - SMS Reminder Check (1 Hour Before)
=================================================
Database: ✓ Database OK
Reminders Sent: 0
Errors: 0

=================================================
2025-11-08 17:07:59 - SMS Reminder Check (1 Hour Before)
=================================================
Database: ✓ Database OK
Reminders Sent: 0
Errors: 0

=================================================
2025-11-08 17:07:59 - SMS Reminder Check (1 Hour Before)
=================================================
Database: ✓ Database OK
Reminders Sent: 0
Errors: 0

=================================================
2025-11-08 17:07:59 - SMS Reminder Check (1 Hour Before)
=================================================
Database: ✓ Database OK
Reminders Sent: 0
Errors: 0

=================================================
2025-11-08 17:07:59 - SMS Reminder Check (1 Hour Before)
=================================================
Database: ✓ Database OK
Reminders Sent: 0
Errors: 0

=================================================
2025-11-08 17:07:59 - SMS Reminder Check (1 Hour Before)
=================================================
Database: ✓ Database OK
Reminders Sent: 0
Errors: 0

=================================================
2025-11-08 17:08:00 - SMS Reminder Check (1 Hour Before)
=================================================
Database: ✓ Database OK
Reminders Sent: 0
Errors: 0

=================================================
2025-11-08 17:08:00 - SMS Reminder Check (1 Hour Before)
=================================================
Database: ✓ Database OK
Reminders Sent: 0
Errors: 0

=================================================
2025-11-08 17:08:00 - SMS Reminder Check (1 Hour Before)
=================================================
Database: ✓ Database OK
Reminders Sent: 0
Errors: 0

=================================================
2025-11-08 17:09:30 - SMS Reminder Check (1 Hour Before)
=================================================
Database: ✓ Database OK
Reminders Sent: 0
Errors: 0

=================================================
2025-11-08 17:13:22 - SMS Reminder Check (1 Hour Before)
=================================================
Database: ✓ Database OK
Reminders Sent: 0
Errors: 0

=================================================
2025-11-08 17:13:25 - SMS Reminder Check (1 Hour Before)
=================================================
Database: ✓ Database OK
Reminders Sent: 0
Errors: 0

=================================================
2025-11-08 17:13:27 - SMS Reminder Check (1 Hour Before)
=================================================
Database: ✓ Database OK
Reminders Sent: 0
Errors: 0

=================================================
2025-11-08 17:13:29 - SMS Reminder Check (1 Hour Before)
=================================================
Database: ✓ Database OK
Reminders Sent: 0
Errors: 0

=================================================
2025-11-08 17:13:32 - SMS Reminder Check (1 Hour Before)
=================================================
Database: ✓ Database OK
Reminders Sent: 0
Errors: 0

=================================================
2025-11-08 17:13:34 - SMS Reminder Check (1 Hour Before)
=================================================
Database: ✓ Database OK
Reminders Sent: 0
Errors: 0

=================================================
2025-11-08 17:13:37 - SMS Reminder Check (1 Hour Before)
=================================================
Database: ✓ Database OK
Reminders Sent: 0
Errors: 0

=================================================
2025-11-08 17:13:55 - SMS Reminder Check (1 Hour Before)
=================================================
Database: ✓ Database OK
Reminders Sent: 0
Errors: 0

=================================================
2025-11-08 17:14:15 - SMS Reminder Check (1 Hour Before)
=================================================
Database: ✓ Database OK
Reminders Sent: 0
Errors: 0

=================================================
2025-11-08 17:14:34 - SMS Reminder Check
=================================================
Database: ✓ Database OK
Reminders Sent: 0
Errors: 0

=================================================
2025-11-08 17:16:52 - SMS Reminder Check
=================================================
Database: ✓ Database OK
Reminders Sent: 0
Errors: 0

=================================================
2025-11-08 17:17:01 - SMS Reminder Check
=================================================
Database: ✓ Database OK
Reminders Sent: 0
Errors: 0

=================================================
2025-11-08 17:17:04 - SMS Reminder Check
=================================================
Database: ✓ Database OK
Reminders Sent: 0
Errors: 0

=================================================
2025-11-08 17:17:05 - SMS Reminder Check
=================================================
Database: ✓ Database OK
Reminders Sent: 0
Errors: 0

=================================================
2025-11-08 17:17:07 - SMS Reminder Check
=================================================
Database: ✓ Database OK
Reminders Sent: 0
Errors: 0

=================================================
2025-11-08 17:17:09 - SMS Reminder Check
=================================================
Database: ✓ Database OK
Reminders Sent: 0
Errors: 0

=================================================
2025-11-08 17:17:10 - SMS Reminder Check
=================================================
Database: ✓ Database OK
Reminders Sent: 0
Errors: 0

=================================================
2025-11-08 17:17:11 - SMS Reminder Check
=================================================
Database: ✓ Database OK
Reminders Sent: 0
Errors: 0

=================================================
2025-11-08 17:17:12 - SMS Reminder Check
=================================================
Database: ✓ Database OK
Reminders Sent: 0
Errors: 0

=================================================
2025-11-08 17:17:16 - SMS Reminder Check
=================================================
Database: ✓ Database OK
Reminders Sent: 0
Errors: 0

=================================================
2025-11-08 17:18:22 - SMS Reminder Check
=================================================
Database: ✓ Database OK
Reminders Sent: 1
Errors: 0

--- Success ---
  ✓ SMS sent to Michael Jude Garde (639069191922) - 24h left

=================================================
2025-11-08 17:18:44 - SMS Reminder Check
=================================================
Database: ✓ Database OK
Reminders Sent: 0
Errors: 0

=================================================
2025-11-08 17:24:36 - SMS Reminder Check (1 Hour Before)
=================================================
Database: ✓ Database OK
Reminders Sent: 1
Errors: 0

--- Success ---
  ✓ SMS sent to Jenifer Olano (639069191922) - 59 minutes left

=================================================
2025-11-08 17:24:42 - SMS Reminder Check (1 Hour Before)
=================================================
Database: ✓ Database OK
Reminders Sent: 0
Errors: 0

=================================================
2025-11-08 17:24:44 - SMS Reminder Check (1 Hour Before)
=================================================
Database: ✓ Database OK
Reminders Sent: 0
Errors: 0

=================================================
2025-11-08 17:24:50 - SMS Reminder Check (1 Hour Before)
=================================================
Database: ✓ Database OK
Reminders Sent: 0
Errors: 0

=================================================
2025-11-08 17:24:51 - SMS Reminder Check (1 Hour Before)
=================================================
Database: ✓ Database OK
Reminders Sent: 0
Errors: 0

=================================================
2025-11-08 17:24:52 - SMS Reminder Check (1 Hour Before)
=================================================
Database: ✓ Database OK
Reminders Sent: 0
Errors: 0

=================================================
2025-11-08 17:24:53 - SMS Reminder Check (1 Hour Before)
=================================================
Database: ✓ Database OK
Reminders Sent: 0
Errors: 0

=================================================
2025-11-08 17:24:54 - SMS Reminder Check (1 Hour Before)
=================================================
Database: ✓ Database OK
Reminders Sent: 0
Errors: 0

=================================================
2025-11-08 17:24:55 - SMS Reminder Check (1 Hour Before)
=================================================
Database: ✓ Database OK
Reminders Sent: 0
Errors: 0

=================================================
2025-11-08 17:24:56 - SMS Reminder Check (1 Hour Before)
=================================================
Database: ✓ Database OK
Reminders Sent: 0
Errors: 0

=================================================
2025-11-08 17:24:57 - SMS Reminder Check (1 Hour Before)
=================================================
Database: ✓ Database OK
Reminders Sent: 0
Errors: 0

=================================================
2025-11-08 17:24:57 - SMS Reminder Check (1 Hour Before)
=================================================
Database: ✓ Database OK
Reminders Sent: 0
Errors: 0

=================================================
2025-11-08 17:24:58 - SMS Reminder Check (1 Hour Before)
=================================================
Database: ✓ Database OK
Reminders Sent: 0
Errors: 0

=================================================
2025-11-08 17:24:59 - SMS Reminder Check (1 Hour Before)
=================================================
Database: ✓ Database OK
Reminders Sent: 0
Errors: 0

=================================================
2025-11-08 17:25:33 - SMS Reminder Check (1 Hour Before)
=================================================
Database: ✓ Database OK
Reminders Sent: 0
Errors: 0

=================================================
2025-11-08 17:25:43 - SMS Reminder Check (1 Hour Before)
=================================================
Database: ✓ Database OK
Reminders Sent: 0
Errors: 0

=================================================
2025-11-08 17:25:58 - SMS Reminder Check
=================================================
Database: ✓ Database OK
Reminders Sent: 0
Errors: 0

=================================================
2025-11-08 17:27:24 - SMS Reminder Check
=================================================
Database: ✓ Database OK
Reminders Sent: 0
Errors: 0

=================================================
2025-11-08 17:27:26 - SMS Reminder Check
=================================================
Database: ✓ Database OK
Reminders Sent: 0
Errors: 0

=================================================
2025-11-08 17:27:43 - SMS Reminder Check
=================================================
Database: ✓ Database OK
Reminders Sent: 0
Errors: 0

=================================================
2025-11-08 17:28:55 - SMS Reminder Check
=================================================
Database: ✓ Database OK
Reminders Sent: 1
Errors: 0

--- Success ---
  ✓ SMS sent to Maria Cruz (639069191922) - 24h left

=================================================
2025-11-08 17:28:59 - SMS Reminder Check
=================================================
Database: ✓ Database OK
Reminders Sent: 0
Errors: 0

=================================================
2025-11-08 17:29:00 - SMS Reminder Check
=================================================
Database: ✓ Database OK
Reminders Sent: 0
Errors: 0

=================================================
2025-11-08 17:35:50 - SMS Reminder Check
=================================================
Database: ✓ Database OK
Reminders Sent: 1
Errors: 0

--- Success ---
  ✓ SMS sent to Elena Ramirez (639069191922) - 24h left

=================================================
2025-11-08 17:35:59 - SMS Reminder Check
=================================================
Database: ✓ Database OK
Reminders Sent: 0
Errors: 0

=================================================
2025-11-08 17:36:02 - SMS Reminder Check
=================================================
Database: ✓ Database OK
Reminders Sent: 0
Errors: 0

=================================================
2025-11-08 17:36:10 - SMS Reminder Check
=================================================
Database: ✓ Database OK
Reminders Sent: 0
Errors: 0

=================================================
2025-11-08 17:36:11 - SMS Reminder Check
=================================================
Database: ✓ Database OK
Reminders Sent: 0
Errors: 0

=================================================
2025-11-08 17:36:13 - SMS Reminder Check
=================================================
Database: ✓ Database OK
Reminders Sent: 0
Errors: 0

=================================================
2025-11-08 17:36:14 - SMS Reminder Check
=================================================
Database: ✓ Database OK
Reminders Sent: 0
Errors: 0

=================================================
2025-11-08 17:36:15 - SMS Reminder Check
=================================================
Database: ✓ Database OK
Reminders Sent: 0
Errors: 0

=================================================
2025-11-08 17:36:17 - SMS Reminder Check
=================================================
Database: ✓ Database OK
Reminders Sent: 0
Errors: 0

=================================================
2025-11-08 17:36:18 - SMS Reminder Check
=================================================
Database: ✓ Database OK
Reminders Sent: 0
Errors: 0

=================================================
2025-11-08 17:36:20 - SMS Reminder Check
=================================================
Database: ✓ Database OK
Reminders Sent: 0
Errors: 0

=================================================
2025-11-08 17:36:20 - SMS Reminder Check
=================================================
Database: ✓ Database OK
Reminders Sent: 0
Errors: 0

=================================================
2025-11-08 17:36:21 - SMS Reminder Check
=================================================
Database: ✓ Database OK
Reminders Sent: 0
Errors: 0

=================================================
2025-11-08 17:36:23 - SMS Reminder Check
=================================================
Database: ✓ Database OK
Reminders Sent: 0
Errors: 0

=================================================
2025-11-08 17:36:24 - SMS Reminder Check
=================================================
Database: ✓ Database OK
Reminders Sent: 0
Errors: 0

=================================================
2025-11-08 17:36:28 - SMS Reminder Check
=================================================
Database: ✓ Database OK
Reminders Sent: 0
Errors: 0

=================================================
2025-11-08 17:36:28 - SMS Reminder Check
=================================================
Database: ✓ Database OK
Reminders Sent: 0
Errors: 0

=================================================
2025-11-08 17:36:30 - SMS Reminder Check
=================================================
Database: ✓ Database OK
Reminders Sent: 0
Errors: 0

=================================================
2025-11-08 17:36:31 - SMS Reminder Check
=================================================
Database: ✓ Database OK
Reminders Sent: 0
Errors: 0

=================================================
2025-11-08 17:36:33 - SMS Reminder Check
=================================================
Database: ✓ Database OK
Reminders Sent: 0
Errors: 0

=================================================
2025-11-08 17:36:58 - SMS Reminder Check
=================================================
Database: ✓ Database OK
Reminders Sent: 0
Errors: 0

=================================================
2025-11-08 17:37:03 - SMS Reminder Check
=================================================
Database: ✓ Database OK
Reminders Sent: 0
Errors: 0

=================================================
2025-11-08 17:37:06 - SMS Reminder Check
=================================================
Database: ✓ Database OK
Reminders Sent: 0
Errors: 0

=================================================
2025-11-08 17:37:08 - SMS Reminder Check
=================================================
Database: ✓ Database OK
Reminders Sent: 0
Errors: 0

=================================================
2025-11-08 17:37:08 - SMS Reminder Check
=================================================
Database: ✓ Database OK
Reminders Sent: 0
Errors: 0

=================================================
2025-11-08 17:37:09 - SMS Reminder Check
=================================================
Database: ✓ Database OK
Reminders Sent: 0
Errors: 0

=================================================
2025-11-08 17:37:11 - SMS Reminder Check
=================================================
Database: ✓ Database OK
Reminders Sent: 0
Errors: 0

=================================================
2025-11-08 17:38:23 - SMS Reminder Check
=================================================
Database: ✓ Database OK
Reminders Sent: 1
Errors: 0

--- Success ---
  ✓ SMS sent to Marijuana Shabu (639069191922) - 23h left

=================================================
2025-11-08 17:38:24 - SMS Reminder Check
=================================================
Database: ✓ Database OK
Reminders Sent: 0
Errors: 0

=================================================
2025-11-08 17:38:25 - SMS Reminder Check
=================================================
Database: ✓ Database OK
Reminders Sent: 0
Errors: 0

